# JRE version: Java(TM) SE Runtime Environment (8.0_431) (build 1.8.0_431-b10)
# Java VM: Java HotSpot(TM) 64-Bit Server VM (25.431-b10 mixed mode windows-amd64 compressed oops)
Heap:
 PSYoungGen      total 566784K, used 113646K [0x00000000d5580000, 0x00000000faa00000, 0x0000000100000000)
  eden space 523776K, 13% used [0x00000000d5580000,0x00000000d9ab2ec8,0x00000000f5500000)
  from space 43008K, 99% used [0x00000000f8000000,0x00000000fa9c8c80,0x00000000faa00000)
  to   space 43520K, 0% used [0x00000000f5500000,0x00000000f5500000,0x00000000f7f80000)
 ParOldGen       total 699392K, used 32K [0x0000000080000000, 0x00000000aab00000, 0x00000000d5580000)
  object space 699392K, 0% used [0x0000000080000000,0x0000000080008000,0x00000000aab00000)
 Metaspace       used 20362K, capacity 20608K, committed 20992K, reserved 1067008K
  class space    used 2373K, capacity 2467K, committed 2560K, reserved 1048576K
GC Heap History (4 events):
Event: 1.452 GC heap before
{Heap before GC invocations=1 (full 0):
 PSYoungGen      total 305664K, used 262144K [0x00000000d5580000, 0x00000000eaa80000, 0x0000000100000000)
  eden space 262144K, 100% used [0x00000000d5580000,0x00000000e5580000,0x00000000e5580000)
  from space 43520K, 0% used [0x00000000e8000000,0x00000000e8000000,0x00000000eaa80000)
  to   space 43520K, 0% used [0x00000000e5580000,0x00000000e5580000,0x00000000e8000000)
 ParOldGen       total 699392K, used 0K [0x0000000080000000, 0x00000000aab00000, 0x00000000d5580000)
  object space 699392K, 0% used [0x0000000080000000,0x0000000080000000,0x00000000aab00000)
 Metaspace       used 13829K, capacity 14026K, committed 14080K, reserved 1060864K
  class space    used 1683K, capacity 1785K, committed 1792K, reserved 1048576K
Event: 1.471 GC heap after
Heap after GC invocations=1 (full 0):
 PSYoungGen      total 305664K, used 26746K [0x00000000d5580000, 0x00000000faa80000, 0x0000000100000000)
  eden space 262144K, 0% used [0x00000000d5580000,0x00000000d5580000,0x00000000e5580000)
  from space 43520K, 61% used [0x00000000e5580000,0x00000000e6f9e9c0,0x00000000e8000000)
  to   space 43520K, 0% used [0x00000000f8000000,0x00000000f8000000,0x00000000faa80000)
 ParOldGen       total 699392K, used 16K [0x0000000080000000, 0x00000000aab00000, 0x00000000d5580000)
  object space 699392K, 0% used [0x0000000080000000,0x0000000080004000,0x00000000aab00000)
 Metaspace       used 13829K, capacity 14026K, committed 14080K, reserved 1060864K
  class space    used 1683K, capacity 1785K, committed 1792K, reserved 1048576K
}
Event: 14.369 GC heap before
{Heap before GC invocations=2 (full 0):
 PSYoungGen      total 305664K, used 288890K [0x00000000d5580000, 0x00000000faa80000, 0x0000000100000000)
  eden space 262144K, 100% used [0x00000000d5580000,0x00000000e5580000,0x00000000e5580000)
  from space 43520K, 61% used [0x00000000e5580000,0x00000000e6f9e9c0,0x00000000e8000000)
  to   space 43520K, 0% used [0x00000000f8000000,0x00000000f8000000,0x00000000faa80000)
 ParOldGen       total 699392K, used 16K [0x0000000080000000, 0x00000000aab00000, 0x00000000d5580000)
  object space 699392K, 0% used [0x0000000080000000,0x0000000080004000,0x00000000aab00000)
 Metaspace       used 20288K, capacity 20544K, committed 20992K, reserved 1067008K
  class space    used 2366K, capacity 2467K, committed 2560K, reserved 1048576K
Event: 14.391 GC heap after
Heap after GC invocations=2 (full 0):
 PSYoungGen      total 566784K, used 42787K [0x00000000d5580000, 0x00000000faa00000, 0x0000000100000000)
  eden space 523776K, 0% used [0x00000000d5580000,0x00000000d5580000,0x00000000f5500000)
  from space 43008K, 99% used [0x00000000f8000000,0x00000000fa9c8c80,0x00000000faa00000)
  to   space 43520K, 0% used [0x00000000f5500000,0x00000000f5500000,0x00000000f7f80000)
 ParOldGen       total 699392K, used 32K [0x0000000080000000, 0x00000000aab00000, 0x00000000d5580000)
  object space 699392K, 0% used [0x0000000080000000,0x0000000080008000,0x00000000aab00000)
 Metaspace       used 20288K, capacity 20544K, committed 20992K, reserved 1067008K
  class space    used 2366K, capacity 2467K, committed 2560K, reserved 1048576K
}

