# JRE version: Java(TM) SE Runtime Environment (8.0_431) (build 1.8.0_431-b10)
# Java VM: Java HotSpot(TM) 64-Bit Server VM (25.431-b10 mixed mode windows-amd64 compressed oops)
Heap:
 PSYoungGen      total 567808K, used 276375K [0x00000000d5580000, 0x0000000100000000, 0x0000000100000000)
  eden space 524288K, 52% used [0x00000000d5580000,0x00000000e6365c90,0x00000000f5580000)
  from space 43520K, 0% used [0x00000000f5580000,0x00000000f5580000,0x00000000f8000000)
  to   space 43520K, 0% used [0x00000000fd580000,0x00000000fd580000,0x0000000100000000)
 ParOldGen       total 699392K, used 48652K [0x0000000080000000, 0x00000000aab00000, 0x00000000d5580000)
  object space 699392K, 6% used [0x0000000080000000,0x0000000082f833d8,0x00000000aab00000)
 Metaspace       used 27041K, capacity 27356K, committed 27776K, reserved 1073152K
  class space    used 3262K, capacity 3371K, committed 3456K, reserved 1048576K
GC Heap History (8 events):
Event: 1.501 GC heap before
{Heap before GC invocations=1 (full 0):
 PSYoungGen      total 305664K, used 262144K [0x00000000d5580000, 0x00000000eaa80000, 0x0000000100000000)
  eden space 262144K, 100% used [0x00000000d5580000,0x00000000e5580000,0x00000000e5580000)
  from space 43520K, 0% used [0x00000000e8000000,0x00000000e8000000,0x00000000eaa80000)
  to   space 43520K, 0% used [0x00000000e5580000,0x00000000e5580000,0x00000000e8000000)
 ParOldGen       total 699392K, used 0K [0x0000000080000000, 0x00000000aab00000, 0x00000000d5580000)
  object space 699392K, 0% used [0x0000000080000000,0x0000000080000000,0x00000000aab00000)
 Metaspace       used 13774K, capacity 14040K, committed 14336K, reserved 1062912K
  class space    used 1670K, capacity 1790K, committed 1792K, reserved 1048576K
Event: 1.518 GC heap after
Heap after GC invocations=1 (full 0):
 PSYoungGen      total 305664K, used 25814K [0x00000000d5580000, 0x00000000faa80000, 0x0000000100000000)
  eden space 262144K, 0% used [0x00000000d5580000,0x00000000d5580000,0x00000000e5580000)
  from space 43520K, 59% used [0x00000000e5580000,0x00000000e6eb59c0,0x00000000e8000000)
  to   space 43520K, 0% used [0x00000000f8000000,0x00000000f8000000,0x00000000faa80000)
 ParOldGen       total 699392K, used 16K [0x0000000080000000, 0x00000000aab00000, 0x00000000d5580000)
  object space 699392K, 0% used [0x0000000080000000,0x0000000080004000,0x00000000aab00000)
 Metaspace       used 13774K, capacity 14040K, committed 14336K, reserved 1062912K
  class space    used 1670K, capacity 1790K, committed 1792K, reserved 1048576K
}
Event: 3.742 GC heap before
{Heap before GC invocations=2 (full 0):
 PSYoungGen      total 305664K, used 287958K [0x00000000d5580000, 0x00000000faa80000, 0x0000000100000000)
  eden space 262144K, 100% used [0x00000000d5580000,0x00000000e5580000,0x00000000e5580000)
  from space 43520K, 59% used [0x00000000e5580000,0x00000000e6eb59c0,0x00000000e8000000)
  to   space 43520K, 0% used [0x00000000f8000000,0x00000000f8000000,0x00000000faa80000)
 ParOldGen       total 699392K, used 16K [0x0000000080000000, 0x00000000aab00000, 0x00000000d5580000)
  object space 699392K, 0% used [0x0000000080000000,0x0000000080004000,0x00000000aab00000)
 Metaspace       used 20304K, capacity 20550K, committed 20736K, reserved 1067008K
  class space    used 2370K, capacity 2470K, committed 2560K, reserved 1048576K
Event: 3.770 GC heap after
Heap after GC invocations=2 (full 0):
 PSYoungGen      total 567808K, used 42531K [0x00000000d5580000, 0x00000000faa80000, 0x0000000100000000)
  eden space 524288K, 0% used [0x00000000d5580000,0x00000000d5580000,0x00000000f5580000)
  from space 43520K, 97% used [0x00000000f8000000,0x00000000fa988d30,0x00000000faa80000)
  to   space 43520K, 0% used [0x00000000f5580000,0x00000000f5580000,0x00000000f8000000)
 ParOldGen       total 699392K, used 32K [0x0000000080000000, 0x00000000aab00000, 0x00000000d5580000)
  object space 699392K, 0% used [0x0000000080000000,0x0000000080008000,0x00000000aab00000)
 Metaspace       used 20304K, capacity 20550K, committed 20736K, reserved 1067008K
  class space    used 2370K, capacity 2470K, committed 2560K, reserved 1048576K
}
Event: 4.583 GC heap before
{Heap before GC invocations=3 (full 0):
 PSYoungGen      total 567808K, used 235560K [0x00000000d5580000, 0x00000000faa80000, 0x0000000100000000)
  eden space 524288K, 36% used [0x00000000d5580000,0x00000000e1201440,0x00000000f5580000)
  from space 43520K, 97% used [0x00000000f8000000,0x00000000fa988d30,0x00000000faa80000)
  to   space 43520K, 0% used [0x00000000f5580000,0x00000000f5580000,0x00000000f8000000)
 ParOldGen       total 699392K, used 32K [0x0000000080000000, 0x00000000aab00000, 0x00000000d5580000)
  object space 699392K, 0% used [0x0000000080000000,0x0000000080008000,0x00000000aab00000)
 Metaspace       used 20779K, capacity 21036K, committed 21248K, reserved 1069056K
  class space    used 2398K, capacity 2503K, committed 2560K, reserved 1048576K
Event: 4.606 GC heap after
Heap after GC invocations=3 (full 0):
 PSYoungGen      total 567808K, used 43511K [0x00000000d5580000, 0x0000000100000000, 0x0000000100000000)
  eden space 524288K, 0% used [0x00000000d5580000,0x00000000d5580000,0x00000000f5580000)
  from space 43520K, 99% used [0x00000000f5580000,0x00000000f7ffde60,0x00000000f8000000)
  to   space 43520K, 0% used [0x00000000fd580000,0x00000000fd580000,0x0000000100000000)
 ParOldGen       total 699392K, used 6688K [0x0000000080000000, 0x00000000aab00000, 0x00000000d5580000)
  object space 699392K, 0% used [0x0000000080000000,0x0000000080688010,0x00000000aab00000)
 Metaspace       used 20779K, capacity 21036K, committed 21248K, reserved 1069056K
  class space    used 2398K, capacity 2503K, committed 2560K, reserved 1048576K
}
Event: 4.606 GC heap before
{Heap before GC invocations=4 (full 1):
 PSYoungGen      total 567808K, used 43511K [0x00000000d5580000, 0x0000000100000000, 0x0000000100000000)
  eden space 524288K, 0% used [0x00000000d5580000,0x00000000d5580000,0x00000000f5580000)
  from space 43520K, 99% used [0x00000000f5580000,0x00000000f7ffde60,0x00000000f8000000)
  to   space 43520K, 0% used [0x00000000fd580000,0x00000000fd580000,0x0000000100000000)
 ParOldGen       total 699392K, used 6688K [0x0000000080000000, 0x00000000aab00000, 0x00000000d5580000)
  object space 699392K, 0% used [0x0000000080000000,0x0000000080688010,0x00000000aab00000)
 Metaspace       used 20779K, capacity 21036K, committed 21248K, reserved 1069056K
  class space    used 2398K, capacity 2503K, committed 2560K, reserved 1048576K
Event: 4.706 GC heap after
Heap after GC invocations=4 (full 1):
 PSYoungGen      total 567808K, used 0K [0x00000000d5580000, 0x0000000100000000, 0x0000000100000000)
  eden space 524288K, 0% used [0x00000000d5580000,0x00000000d5580000,0x00000000f5580000)
  from space 43520K, 0% used [0x00000000f5580000,0x00000000f5580000,0x00000000f8000000)
  to   space 43520K, 0% used [0x00000000fd580000,0x00000000fd580000,0x0000000100000000)
 ParOldGen       total 699392K, used 48652K [0x0000000080000000, 0x00000000aab00000, 0x00000000d5580000)
  object space 699392K, 6% used [0x0000000080000000,0x0000000082f833d8,0x00000000aab00000)
 Metaspace       used 20779K, capacity 21036K, committed 21248K, reserved 1069056K
  class space    used 2398K, capacity 2503K, committed 2560K, reserved 1048576K
}

