# JRE version: Java(TM) SE Runtime Environment (8.0_431) (build 1.8.0_431-b10)
# Java VM: Java HotSpot(TM) 64-Bit Server VM (25.431-b10 mixed mode windows-amd64 compressed oops)
Heap:
 PSYoungGen      total 567296K, used 265274K [0x00000000d5580000, 0x0000000100000000, 0x0000000100000000)
  eden space 523776K, 50% used [0x00000000d5580000,0x00000000e588e9c0,0x00000000f5500000)
  from space 43520K, 0% used [0x00000000f5500000,0x00000000f5500000,0x00000000f7f80000)
  to   space 43520K, 0% used [0x00000000fd580000,0x00000000fd580000,0x0000000100000000)
 ParOldGen       total 699392K, used 48656K [0x0000000080000000, 0x00000000aab00000, 0x00000000d5580000)
  object space 699392K, 6% used [0x0000000080000000,0x0000000082f84180,0x00000000aab00000)
 Metaspace       used 27123K, capacity 27356K, committed 27776K, reserved 1073152K
  class space    used 3269K, capacity 3371K, committed 3456K, reserved 1048576K
GC Heap History (8 events):
Event: 1.395 GC heap before
{Heap before GC invocations=1 (full 0):
 PSYoungGen      total 305664K, used 262144K [0x00000000d5580000, 0x00000000eaa80000, 0x0000000100000000)
  eden space 262144K, 100% used [0x00000000d5580000,0x00000000e5580000,0x00000000e5580000)
  from space 43520K, 0% used [0x00000000e8000000,0x00000000e8000000,0x00000000eaa80000)
  to   space 43520K, 0% used [0x00000000e5580000,0x00000000e5580000,0x00000000e8000000)
 ParOldGen       total 699392K, used 0K [0x0000000080000000, 0x00000000aab00000, 0x00000000d5580000)
  object space 699392K, 0% used [0x0000000080000000,0x0000000080000000,0x00000000aab00000)
 Metaspace       used 13776K, capacity 14040K, committed 14336K, reserved 1062912K
  class space    used 1670K, capacity 1790K, committed 1792K, reserved 1048576K
Event: 1.412 GC heap after
Heap after GC invocations=1 (full 0):
 PSYoungGen      total 305664K, used 25803K [0x00000000d5580000, 0x00000000faa80000, 0x0000000100000000)
  eden space 262144K, 0% used [0x00000000d5580000,0x00000000d5580000,0x00000000e5580000)
  from space 43520K, 59% used [0x00000000e5580000,0x00000000e6eb2c58,0x00000000e8000000)
  to   space 43520K, 0% used [0x00000000f8000000,0x00000000f8000000,0x00000000faa80000)
 ParOldGen       total 699392K, used 16K [0x0000000080000000, 0x00000000aab00000, 0x00000000d5580000)
  object space 699392K, 0% used [0x0000000080000000,0x0000000080004000,0x00000000aab00000)
 Metaspace       used 13776K, capacity 14040K, committed 14336K, reserved 1062912K
  class space    used 1670K, capacity 1790K, committed 1792K, reserved 1048576K
}
Event: 3.803 GC heap before
{Heap before GC invocations=2 (full 0):
 PSYoungGen      total 305664K, used 287947K [0x00000000d5580000, 0x00000000faa80000, 0x0000000100000000)
  eden space 262144K, 100% used [0x00000000d5580000,0x00000000e5580000,0x00000000e5580000)
  from space 43520K, 59% used [0x00000000e5580000,0x00000000e6eb2c58,0x00000000e8000000)
  to   space 43520K, 0% used [0x00000000f8000000,0x00000000f8000000,0x00000000faa80000)
 ParOldGen       total 699392K, used 16K [0x0000000080000000, 0x00000000aab00000, 0x00000000d5580000)
  object space 699392K, 0% used [0x0000000080000000,0x0000000080004000,0x00000000aab00000)
 Metaspace       used 20359K, capacity 20614K, committed 20992K, reserved 1067008K
  class space    used 2375K, capacity 2470K, committed 2560K, reserved 1048576K
Event: 3.824 GC heap after
Heap after GC invocations=2 (full 0):
 PSYoungGen      total 566784K, used 42502K [0x00000000d5580000, 0x00000000faa00000, 0x0000000100000000)
  eden space 523776K, 0% used [0x00000000d5580000,0x00000000d5580000,0x00000000f5500000)
  from space 43008K, 98% used [0x00000000f8000000,0x00000000fa981b00,0x00000000faa00000)
  to   space 43520K, 0% used [0x00000000f5500000,0x00000000f5500000,0x00000000f7f80000)
 ParOldGen       total 699392K, used 32K [0x0000000080000000, 0x00000000aab00000, 0x00000000d5580000)
  object space 699392K, 0% used [0x0000000080000000,0x0000000080008000,0x00000000aab00000)
 Metaspace       used 20359K, capacity 20614K, committed 20992K, reserved 1067008K
  class space    used 2375K, capacity 2470K, committed 2560K, reserved 1048576K
}
Event: 4.583 GC heap before
{Heap before GC invocations=3 (full 0):
 PSYoungGen      total 566784K, used 235311K [0x00000000d5580000, 0x00000000faa00000, 0x0000000100000000)
  eden space 523776K, 36% used [0x00000000d5580000,0x00000000e11ca388,0x00000000f5500000)
  from space 43008K, 98% used [0x00000000f8000000,0x00000000fa981b00,0x00000000faa00000)
  to   space 43520K, 0% used [0x00000000f5500000,0x00000000f5500000,0x00000000f7f80000)
 ParOldGen       total 699392K, used 32K [0x0000000080000000, 0x00000000aab00000, 0x00000000d5580000)
  object space 699392K, 0% used [0x0000000080000000,0x0000000080008000,0x00000000aab00000)
 Metaspace       used 20815K, capacity 21036K, committed 21248K, reserved 1069056K
  class space    used 2402K, capacity 2503K, committed 2560K, reserved 1048576K
Event: 4.610 GC heap after
Heap after GC invocations=3 (full 0):
 PSYoungGen      total 567296K, used 43497K [0x00000000d5580000, 0x0000000100000000, 0x0000000100000000)
  eden space 523776K, 0% used [0x00000000d5580000,0x00000000d5580000,0x00000000f5500000)
  from space 43520K, 99% used [0x00000000f5500000,0x00000000f7f7a570,0x00000000f7f80000)
  to   space 43520K, 0% used [0x00000000fd580000,0x00000000fd580000,0x0000000100000000)
 ParOldGen       total 699392K, used 6728K [0x0000000080000000, 0x00000000aab00000, 0x00000000d5580000)
  object space 699392K, 0% used [0x0000000080000000,0x0000000080692010,0x00000000aab00000)
 Metaspace       used 20815K, capacity 21036K, committed 21248K, reserved 1069056K
  class space    used 2402K, capacity 2503K, committed 2560K, reserved 1048576K
}
Event: 4.610 GC heap before
{Heap before GC invocations=4 (full 1):
 PSYoungGen      total 567296K, used 43497K [0x00000000d5580000, 0x0000000100000000, 0x0000000100000000)
  eden space 523776K, 0% used [0x00000000d5580000,0x00000000d5580000,0x00000000f5500000)
  from space 43520K, 99% used [0x00000000f5500000,0x00000000f7f7a570,0x00000000f7f80000)
  to   space 43520K, 0% used [0x00000000fd580000,0x00000000fd580000,0x0000000100000000)
 ParOldGen       total 699392K, used 6728K [0x0000000080000000, 0x00000000aab00000, 0x00000000d5580000)
  object space 699392K, 0% used [0x0000000080000000,0x0000000080692010,0x00000000aab00000)
 Metaspace       used 20815K, capacity 21036K, committed 21248K, reserved 1069056K
  class space    used 2402K, capacity 2503K, committed 2560K, reserved 1048576K
Event: 4.707 GC heap after
Heap after GC invocations=4 (full 1):
 PSYoungGen      total 567296K, used 0K [0x00000000d5580000, 0x0000000100000000, 0x0000000100000000)
  eden space 523776K, 0% used [0x00000000d5580000,0x00000000d5580000,0x00000000f5500000)
  from space 43520K, 0% used [0x00000000f5500000,0x00000000f5500000,0x00000000f7f80000)
  to   space 43520K, 0% used [0x00000000fd580000,0x00000000fd580000,0x0000000100000000)
 ParOldGen       total 699392K, used 48656K [0x0000000080000000, 0x00000000aab00000, 0x00000000d5580000)
  object space 699392K, 6% used [0x0000000080000000,0x0000000082f84180,0x00000000aab00000)
 Metaspace       used 20815K, capacity 21036K, committed 21248K, reserved 1069056K
  class space    used 2402K, capacity 2503K, committed 2560K, reserved 1048576K
}

